<?xml version="1.0" encoding="UTF-8"?>
<!-- Generated by org.testng.reporters.JUnitReportReporter -->
<testsuite skipped="0" hostname="DESKTOP-VR5R5S7" name="Grid.Node1" tests="1" failures="0" timestamp="19 Sep 2017 00:10:32 GMT" time="11.219" errors="0">
  <testcase name="f" time="11.219" classname="Grid.Node1"/>
</testsuite> <!-- Grid.Node1 -->
