<?xml version="1.0" encoding="UTF-8"?>
<!-- Generated by org.testng.reporters.JUnitReportReporter -->
<testsuite skipped="0" hostname="DESKTOP-VR5R5S7" name="Grid.Node2" tests="1" failures="0" timestamp="18 Sep 2017 23:40:07 GMT" time="28.602" errors="0">
  <testcase name="f" time="28.602" classname="Grid.Node2"/>
</testsuite> <!-- Grid.Node2 -->
