<?xml version="1.0" encoding="UTF-8"?>
<!-- Generated by org.testng.reporters.JUnitReportReporter -->
<testsuite skipped="0" hostname="DESKTOP-VR5R5S7" name="Grid.SeleniumGrid" tests="1" failures="0" timestamp="19 Sep 2017 00:26:28 GMT" time="9.009" errors="0">
  <testcase name="simpleTest" time="9.009" classname="Grid.SeleniumGrid"/>
</testsuite> <!-- Grid.SeleniumGrid -->
